build/app/intermediates/manifest_merge_blame_file/release/manifest-merger-blame-release-report.txt
1<?xml version="1.0" encoding="utf-8"?>
2<manifest xmlns:android="http://schemas.android.com/apk/res/android"
3    package="com.vitseydriver.mpdriver"
4    android:versionCode="26"
5    android:versionName="1.0.0" >
6
7    <uses-sdk
8        android:minSdkVersion="21"
8-->src\main\AndroidManifest.xml
9        android:targetSdkVersion="33" />
9-->src\main\AndroidManifest.xml
10
11    <uses-permission android:name="android.permission.ACCESS_NETWORK_STATE" />
11-->src\main\AndroidManifest.xml:3:5-79
11-->src\main\AndroidManifest.xml:3:22-76
12    <uses-permission android:name="android.permission.INTERNET" />
12-->src\main\AndroidManifest.xml:4:5-67
12-->src\main\AndroidManifest.xml:4:22-64
13    <uses-permission android:name="com.google.android.gms.permission.AD_ID" />
13-->src\main\AndroidManifest.xml:5:5-79
13-->src\main\AndroidManifest.xml:5:22-76
14    <uses-permission android:name="android.permission.FOREGROUND_SERVICE" />
14-->src\main\AndroidManifest.xml:6:5-77
14-->src\main\AndroidManifest.xml:6:22-74
15    <uses-permission android:name="android.permission.ACCESS_FINE_LOCATION" />
15-->src\main\AndroidManifest.xml:7:5-79
15-->src\main\AndroidManifest.xml:7:22-76
16    <uses-permission android:name="android.permission.ACCESS_COARSE_LOCATION" />
16-->src\main\AndroidManifest.xml:8:5-81
16-->src\main\AndroidManifest.xml:8:22-78
17    <uses-permission android:name="android.permission.WAKE_LOCK" />
17-->src\main\AndroidManifest.xml:9:5-68
17-->src\main\AndroidManifest.xml:9:22-65
18    <!-- <uses-permission android:name="android.permission.ACCESS_BACKGROUND_LOCATION"/> -->
19    <uses-permission android:name="android.permission.REQUEST_IGNORE_BATTERY_OPTIMIZATIONS" />
19-->src\main\AndroidManifest.xml:11:4-94
19-->src\main\AndroidManifest.xml:11:21-91
20    <uses-permission android:name="android.permission.CALL_PHONE" />
20-->[:flutter_phone_direct_caller] AndroidManifest.xml:9:5-69
20-->[:flutter_phone_direct_caller] AndroidManifest.xml:9:22-66
21
22    <uses-feature
22-->[:flutter_phone_direct_caller] AndroidManifest.xml:11:5-13:36
23        android:name="android.hardware.telephony"
23-->[:flutter_phone_direct_caller] AndroidManifest.xml:12:9-50
24        android:required="false" /> <!-- Create a unique permission for your app and use it so only your app can receive your OneSignal messages. -->
24-->[:flutter_phone_direct_caller] AndroidManifest.xml:13:9-33
25    <permission
25-->[com.onesignal:OneSignal:4.8.2] AndroidManifest.xml:7:5-9:47
26        android:name="com.vitseydriver.mpdriver.permission.C2D_MESSAGE"
26-->[com.onesignal:OneSignal:4.8.2] AndroidManifest.xml:8:9-63
27        android:protectionLevel="signature" />
27-->[com.onesignal:OneSignal:4.8.2] AndroidManifest.xml:9:9-44
28
29    <uses-permission android:name="com.vitseydriver.mpdriver.permission.C2D_MESSAGE" /> <!-- OneSignal SDK has runtime checks Android version. -->
29-->[com.onesignal:OneSignal:4.8.2] AndroidManifest.xml:11:5-79
29-->[com.onesignal:OneSignal:4.8.2] AndroidManifest.xml:11:22-76
30    <!-- <uses-sdk tools:overrideLibrary="android.support.customtabs"/> -->
31    <!-- Required runtime permission to display notifications on Android 13 -->
32    <uses-permission android:name="android.permission.POST_NOTIFICATIONS" /> <!-- c2dm RECEIVE are basic requirements for push messages through Google's FCM -->
32-->[com.onesignal:OneSignal:4.8.2] AndroidManifest.xml:16:5-77
32-->[com.onesignal:OneSignal:4.8.2] AndroidManifest.xml:16:22-74
33    <uses-permission android:name="com.google.android.c2dm.permission.RECEIVE" />
33-->[com.onesignal:OneSignal:4.8.2] AndroidManifest.xml:18:5-82
33-->[com.onesignal:OneSignal:4.8.2] AndroidManifest.xml:18:22-79
34    <!--
35 Required so the device vibrates on receiving a push notification.
36         Vibration settings of the device still apply.
37    -->
38    <uses-permission android:name="android.permission.VIBRATE" />
38-->[com.onesignal:OneSignal:4.8.2] AndroidManifest.xml:24:5-66
38-->[com.onesignal:OneSignal:4.8.2] AndroidManifest.xml:24:22-63
39    <!--
40 Use to restore notifications the user hasn't interacted with.
41         They could be missed notifications if the user reboots their device if this isn't in place.
42    -->
43    <uses-permission android:name="android.permission.RECEIVE_BOOT_COMPLETED" /> <!-- START: ShortcutBadger -->
43-->[com.onesignal:OneSignal:4.8.2] AndroidManifest.xml:30:5-81
43-->[com.onesignal:OneSignal:4.8.2] AndroidManifest.xml:30:22-78
44    <!-- Samsung -->
45    <uses-permission android:name="com.sec.android.provider.badge.permission.READ" />
45-->[com.onesignal:OneSignal:4.8.2] AndroidManifest.xml:32:5-86
45-->[com.onesignal:OneSignal:4.8.2] AndroidManifest.xml:32:22-83
46    <uses-permission android:name="com.sec.android.provider.badge.permission.WRITE" /> <!-- HTC -->
46-->[com.onesignal:OneSignal:4.8.2] AndroidManifest.xml:33:5-87
46-->[com.onesignal:OneSignal:4.8.2] AndroidManifest.xml:33:22-84
47    <uses-permission android:name="com.htc.launcher.permission.READ_SETTINGS" />
47-->[com.onesignal:OneSignal:4.8.2] AndroidManifest.xml:34:5-81
47-->[com.onesignal:OneSignal:4.8.2] AndroidManifest.xml:34:22-78
48    <uses-permission android:name="com.htc.launcher.permission.UPDATE_SHORTCUT" /> <!-- Sony -->
48-->[com.onesignal:OneSignal:4.8.2] AndroidManifest.xml:35:5-83
48-->[com.onesignal:OneSignal:4.8.2] AndroidManifest.xml:35:22-80
49    <uses-permission android:name="com.sonyericsson.home.permission.BROADCAST_BADGE" />
49-->[com.onesignal:OneSignal:4.8.2] AndroidManifest.xml:36:5-88
49-->[com.onesignal:OneSignal:4.8.2] AndroidManifest.xml:36:22-85
50    <uses-permission android:name="com.sonymobile.home.permission.PROVIDER_INSERT_BADGE" /> <!-- Apex -->
50-->[com.onesignal:OneSignal:4.8.2] AndroidManifest.xml:37:5-92
50-->[com.onesignal:OneSignal:4.8.2] AndroidManifest.xml:37:22-89
51    <uses-permission android:name="com.anddoes.launcher.permission.UPDATE_COUNT" /> <!-- Solid -->
51-->[com.onesignal:OneSignal:4.8.2] AndroidManifest.xml:38:5-84
51-->[com.onesignal:OneSignal:4.8.2] AndroidManifest.xml:38:22-81
52    <uses-permission android:name="com.majeur.launcher.permission.UPDATE_BADGE" /> <!-- Huawei -->
52-->[com.onesignal:OneSignal:4.8.2] AndroidManifest.xml:39:5-83
52-->[com.onesignal:OneSignal:4.8.2] AndroidManifest.xml:39:22-80
53    <uses-permission android:name="com.huawei.android.launcher.permission.CHANGE_BADGE" />
53-->[com.onesignal:OneSignal:4.8.2] AndroidManifest.xml:40:5-91
53-->[com.onesignal:OneSignal:4.8.2] AndroidManifest.xml:40:22-88
54    <uses-permission android:name="com.huawei.android.launcher.permission.READ_SETTINGS" />
54-->[com.onesignal:OneSignal:4.8.2] AndroidManifest.xml:41:5-92
54-->[com.onesignal:OneSignal:4.8.2] AndroidManifest.xml:41:22-89
55    <uses-permission android:name="com.huawei.android.launcher.permission.WRITE_SETTINGS" /> <!-- ZUK -->
55-->[com.onesignal:OneSignal:4.8.2] AndroidManifest.xml:42:5-93
55-->[com.onesignal:OneSignal:4.8.2] AndroidManifest.xml:42:22-90
56    <uses-permission android:name="android.permission.READ_APP_BADGE" /> <!-- OPPO -->
56-->[com.onesignal:OneSignal:4.8.2] AndroidManifest.xml:43:5-73
56-->[com.onesignal:OneSignal:4.8.2] AndroidManifest.xml:43:22-70
57    <uses-permission android:name="com.oppo.launcher.permission.READ_SETTINGS" />
57-->[com.onesignal:OneSignal:4.8.2] AndroidManifest.xml:44:5-82
57-->[com.onesignal:OneSignal:4.8.2] AndroidManifest.xml:44:22-79
58    <uses-permission android:name="com.oppo.launcher.permission.WRITE_SETTINGS" /> <!-- EvMe -->
58-->[com.onesignal:OneSignal:4.8.2] AndroidManifest.xml:45:5-83
58-->[com.onesignal:OneSignal:4.8.2] AndroidManifest.xml:45:22-80
59    <uses-permission android:name="me.everything.badger.permission.BADGE_COUNT_READ" />
59-->[com.onesignal:OneSignal:4.8.2] AndroidManifest.xml:46:5-88
59-->[com.onesignal:OneSignal:4.8.2] AndroidManifest.xml:46:22-85
60    <uses-permission android:name="me.everything.badger.permission.BADGE_COUNT_WRITE" />
60-->[com.onesignal:OneSignal:4.8.2] AndroidManifest.xml:47:5-89
60-->[com.onesignal:OneSignal:4.8.2] AndroidManifest.xml:47:22-86
61
62    <queries>
62-->[com.facebook.android:facebook-common:15.0.2] AndroidManifest.xml:29:5-31:15
63        <package android:name="com.facebook.katana" />
63-->[com.facebook.android:facebook-common:15.0.2] AndroidManifest.xml:30:9-55
63-->[com.facebook.android:facebook-common:15.0.2] AndroidManifest.xml:30:18-52
64        <!-- Needs to be explicitly declared on Android R+ -->
65        <package android:name="com.google.android.apps.maps" />
65-->[com.google.android.gms:play-services-maps:18.1.0] AndroidManifest.xml:33:9-64
65-->[com.google.android.gms:play-services-maps:18.1.0] AndroidManifest.xml:33:18-61
66    </queries>
67
68    <uses-feature
68-->[com.google.android.gms:play-services-maps:18.1.0] AndroidManifest.xml:26:5-28:35
69        android:glEsVersion="0x00020000"
69-->[com.google.android.gms:play-services-maps:18.1.0] AndroidManifest.xml:27:9-41
70        android:required="true" />
70-->[com.google.android.gms:play-services-maps:18.1.0] AndroidManifest.xml:28:9-32
71
72    <permission
72-->[androidx.core:core:1.9.0] AndroidManifest.xml:22:5-24:47
73        android:name="com.vitseydriver.mpdriver.DYNAMIC_RECEIVER_NOT_EXPORTED_PERMISSION"
73-->[androidx.core:core:1.9.0] AndroidManifest.xml:23:9-81
74        android:protectionLevel="signature" />
74-->[androidx.core:core:1.9.0] AndroidManifest.xml:24:9-44
75
76    <uses-permission android:name="com.vitseydriver.mpdriver.DYNAMIC_RECEIVER_NOT_EXPORTED_PERMISSION" />
76-->[androidx.core:core:1.9.0] AndroidManifest.xml:26:5-97
76-->[androidx.core:core:1.9.0] AndroidManifest.xml:26:22-94
77    <uses-permission android:name="com.google.android.finsky.permission.BIND_GET_INSTALL_REFERRER_SERVICE" />
77-->[com.android.installreferrer:installreferrer:1.0] AndroidManifest.xml:9:5-110
77-->[com.android.installreferrer:installreferrer:1.0] AndroidManifest.xml:9:22-107
78
79    <application
80        android:name="android.app.Application"
80-->src\main\AndroidManifest.xml:14:9-42
81        android:appComponentFactory="androidx.core.app.CoreComponentFactory"
81-->[androidx.core:core:1.9.0] AndroidManifest.xml:28:18-86
82        android:icon="@mipmap/ic_launcher"
82-->src\main\AndroidManifest.xml:15:9-43
83        android:label="Moto Pick-up driver"
83-->src\main\AndroidManifest.xml:13:9-44
84        android:supportsRtl="true" >
84-->[com.facebook.android:facebook-login:15.0.2] AndroidManifest.xml:28:18-44
85        <meta-data
85-->src\main\AndroidManifest.xml:16:9-124
86            android:name="com.google.android.geo.API_KEY"
86-->src\main\AndroidManifest.xml:16:20-65
87            android:value="AIzaSyBqSKcIDvITQ3xiwX71pCKV8XonGuHeIgM" />
87-->src\main\AndroidManifest.xml:16:66-121
88
89        <activity
89-->src\main\AndroidManifest.xml:17:9-37:20
90            android:name="com.vitseydriver.mpdriver.MainActivity"
90-->src\main\AndroidManifest.xml:18:13-41
91            android:configChanges="orientation|keyboardHidden|keyboard|screenSize|smallestScreenSize|locale|layoutDirection|fontScale|screenLayout|density|uiMode"
91-->src\main\AndroidManifest.xml:22:13-163
92            android:exported="true"
92-->src\main\AndroidManifest.xml:19:13-36
93            android:hardwareAccelerated="true"
93-->src\main\AndroidManifest.xml:23:13-47
94            android:launchMode="singleTop"
94-->src\main\AndroidManifest.xml:20:13-43
95            android:theme="@style/LaunchTheme"
95-->src\main\AndroidManifest.xml:21:13-47
96            android:windowSoftInputMode="adjustResize" >
96-->src\main\AndroidManifest.xml:24:13-55
97
98            <!--
99                 Specifies an Android theme to apply to this Activity as soon as
100                 the Android process has started. This theme is visible to the user
101                 while the Flutter UI initializes. After that, this theme continues
102                 to determine the Window background behind the Flutter UI.
103            -->
104            <meta-data
104-->src\main\AndroidManifest.xml:29:13-32:17
105                android:name="io.flutter.embedding.android.NormalTheme"
105-->src\main\AndroidManifest.xml:30:15-70
106                android:resource="@style/NormalTheme" />
106-->src\main\AndroidManifest.xml:31:15-52
107
108            <intent-filter>
108-->src\main\AndroidManifest.xml:33:13-36:29
109                <action android:name="android.intent.action.MAIN" />
109-->src\main\AndroidManifest.xml:34:17-68
109-->src\main\AndroidManifest.xml:34:25-66
110
111                <category android:name="android.intent.category.LAUNCHER" />
111-->src\main\AndroidManifest.xml:35:17-76
111-->src\main\AndroidManifest.xml:35:27-74
112            </intent-filter>
113        </activity>
114        <!--
115             Don't delete the meta-data below.
116             This is used by the Flutter tool to generate GeneratedPluginRegistrant.java
117        -->
118        <meta-data
118-->src\main\AndroidManifest.xml:40:9-42:33
119            android:name="flutterEmbedding"
119-->src\main\AndroidManifest.xml:41:13-44
120            android:value="2" />
120-->src\main\AndroidManifest.xml:42:13-30
121
122        <service
122-->[:firebase_crashlytics] AndroidManifest.xml:10:9-14:19
123            android:name="com.google.firebase.components.ComponentDiscoveryService"
123-->[:firebase_crashlytics] AndroidManifest.xml:10:18-89
124            android:directBootAware="true"
124-->[com.google.firebase:firebase-common:20.3.0] AndroidManifest.xml:34:13-43
125            android:exported="false" >
125-->[com.google.firebase:firebase-perf:20.3.1] AndroidManifest.xml:15:13-37
126            <meta-data
126-->[:firebase_crashlytics] AndroidManifest.xml:11:13-13:85
127                android:name="com.google.firebase.components:io.flutter.plugins.firebase.crashlytics.FlutterFirebaseAppRegistrar"
127-->[:firebase_crashlytics] AndroidManifest.xml:12:17-130
128                android:value="com.google.firebase.components.ComponentRegistrar" />
128-->[:firebase_crashlytics] AndroidManifest.xml:13:17-82
129            <meta-data
129-->[:firebase_performance] AndroidManifest.xml:13:13-15:85
130                android:name="com.google.firebase.components:io.flutter.plugins.firebase.performance.FlutterFirebaseAppRegistrar"
130-->[:firebase_performance] AndroidManifest.xml:14:17-130
131                android:value="com.google.firebase.components.ComponentRegistrar" />
131-->[:firebase_performance] AndroidManifest.xml:15:17-82
132            <meta-data
132-->[:cloud_firestore] AndroidManifest.xml:11:13-13:85
133                android:name="com.google.firebase.components:io.flutter.plugins.firebase.firestore.FlutterFirebaseFirestoreRegistrar"
133-->[:cloud_firestore] AndroidManifest.xml:12:17-134
134                android:value="com.google.firebase.components.ComponentRegistrar" />
134-->[:cloud_firestore] AndroidManifest.xml:13:17-82
135            <meta-data
135-->[:firebase_auth] AndroidManifest.xml:11:13-13:85
136                android:name="com.google.firebase.components:io.flutter.plugins.firebase.auth.FlutterFirebaseAuthRegistrar"
136-->[:firebase_auth] AndroidManifest.xml:12:17-124
137                android:value="com.google.firebase.components.ComponentRegistrar" />
137-->[:firebase_auth] AndroidManifest.xml:13:17-82
138            <meta-data
138-->[:firebase_storage] AndroidManifest.xml:11:13-13:85
139                android:name="com.google.firebase.components:io.flutter.plugins.firebase.storage.FlutterFirebaseAppRegistrar"
139-->[:firebase_storage] AndroidManifest.xml:12:17-126
140                android:value="com.google.firebase.components.ComponentRegistrar" />
140-->[:firebase_storage] AndroidManifest.xml:13:17-82
141            <meta-data
141-->[:firebase_core] AndroidManifest.xml:11:13-13:85
142                android:name="com.google.firebase.components:io.flutter.plugins.firebase.core.FlutterFirebaseCoreRegistrar"
142-->[:firebase_core] AndroidManifest.xml:12:17-124
143                android:value="com.google.firebase.components.ComponentRegistrar" />
143-->[:firebase_core] AndroidManifest.xml:13:17-82
144            <meta-data
144-->[com.google.firebase:firebase-perf:20.3.1] AndroidManifest.xml:16:13-18:85
145                android:name="com.google.firebase.components:com.google.firebase.perf.FirebasePerfRegistrar"
145-->[com.google.firebase:firebase-perf:20.3.1] AndroidManifest.xml:17:17-109
146                android:value="com.google.firebase.components.ComponentRegistrar" />
146-->[com.google.firebase:firebase-perf:20.3.1] AndroidManifest.xml:18:17-82
147            <meta-data
147-->[com.google.firebase:firebase-auth:21.1.0] AndroidManifest.xml:67:13-69:85
148                android:name="com.google.firebase.components:com.google.firebase.auth.FirebaseAuthRegistrar"
148-->[com.google.firebase:firebase-auth:21.1.0] AndroidManifest.xml:68:17-109
149                android:value="com.google.firebase.components.ComponentRegistrar" />
149-->[com.google.firebase:firebase-auth:21.1.0] AndroidManifest.xml:69:17-82
150            <meta-data
150-->[com.google.firebase:firebase-firestore:24.4.3] AndroidManifest.xml:19:13-21:85
151                android:name="com.google.firebase.components:com.google.firebase.firestore.FirestoreRegistrar"
151-->[com.google.firebase:firebase-firestore:24.4.3] AndroidManifest.xml:20:17-111
152                android:value="com.google.firebase.components.ComponentRegistrar" />
152-->[com.google.firebase:firebase-firestore:24.4.3] AndroidManifest.xml:21:17-82
153            <meta-data
153-->[com.google.firebase:firebase-crashlytics:18.3.5] AndroidManifest.xml:17:13-19:85
154                android:name="com.google.firebase.components:com.google.firebase.crashlytics.CrashlyticsRegistrar"
154-->[com.google.firebase:firebase-crashlytics:18.3.5] AndroidManifest.xml:18:17-115
155                android:value="com.google.firebase.components.ComponentRegistrar" />
155-->[com.google.firebase:firebase-crashlytics:18.3.5] AndroidManifest.xml:19:17-82
156            <meta-data
156-->[com.google.firebase:firebase-storage:20.1.0] AndroidManifest.xml:32:13-34:85
157                android:name="com.google.firebase.components:com.google.firebase.storage.StorageRegistrar"
157-->[com.google.firebase:firebase-storage:20.1.0] AndroidManifest.xml:33:17-107
158                android:value="com.google.firebase.components.ComponentRegistrar" />
158-->[com.google.firebase:firebase-storage:20.1.0] AndroidManifest.xml:34:17-82
159            <meta-data
159-->[com.google.firebase:firebase-messaging:23.1.1] AndroidManifest.xml:55:13-57:85
160                android:name="com.google.firebase.components:com.google.firebase.messaging.FirebaseMessagingRegistrar"
160-->[com.google.firebase:firebase-messaging:23.1.1] AndroidManifest.xml:56:17-119
161                android:value="com.google.firebase.components.ComponentRegistrar" />
161-->[com.google.firebase:firebase-messaging:23.1.1] AndroidManifest.xml:57:17-82
162            <meta-data
162-->[com.google.firebase:firebase-datatransport:18.1.7] AndroidManifest.xml:27:13-29:85
163                android:name="com.google.firebase.components:com.google.firebase.datatransport.TransportRegistrar"
163-->[com.google.firebase:firebase-datatransport:18.1.7] AndroidManifest.xml:28:17-115
164                android:value="com.google.firebase.components.ComponentRegistrar" />
164-->[com.google.firebase:firebase-datatransport:18.1.7] AndroidManifest.xml:29:17-82
165            <meta-data
165-->[com.google.firebase:firebase-config:21.2.1] AndroidManifest.xml:31:13-33:85
166                android:name="com.google.firebase.components:com.google.firebase.remoteconfig.RemoteConfigRegistrar"
166-->[com.google.firebase:firebase-config:21.2.1] AndroidManifest.xml:32:17-117
167                android:value="com.google.firebase.components.ComponentRegistrar" />
167-->[com.google.firebase:firebase-config:21.2.1] AndroidManifest.xml:33:17-82
168            <meta-data
168-->[com.google.firebase:firebase-installations:17.1.2] AndroidManifest.xml:17:13-19:85
169                android:name="com.google.firebase.components:com.google.firebase.installations.FirebaseInstallationsRegistrar"
169-->[com.google.firebase:firebase-installations:17.1.2] AndroidManifest.xml:18:17-127
170                android:value="com.google.firebase.components.ComponentRegistrar" />
170-->[com.google.firebase:firebase-installations:17.1.2] AndroidManifest.xml:19:17-82
171            <meta-data
171-->[com.google.firebase:firebase-abt:21.1.0] AndroidManifest.xml:12:13-14:85
172                android:name="com.google.firebase.components:com.google.firebase.abt.component.AbtRegistrar"
172-->[com.google.firebase:firebase-abt:21.1.0] AndroidManifest.xml:13:17-109
173                android:value="com.google.firebase.components.ComponentRegistrar" />
173-->[com.google.firebase:firebase-abt:21.1.0] AndroidManifest.xml:14:17-82
174        </service>
175        <service
175-->[:geolocator_android] AndroidManifest.xml:12:9-16:56
176            android:name="com.baseflow.geolocator.GeolocatorLocationService"
176-->[:geolocator_android] AndroidManifest.xml:13:13-77
177            android:enabled="true"
177-->[:geolocator_android] AndroidManifest.xml:14:13-35
178            android:exported="false"
178-->[:geolocator_android] AndroidManifest.xml:15:13-37
179            android:foregroundServiceType="location" />
179-->[:geolocator_android] AndroidManifest.xml:16:13-53
180        <!--
181           Declares a provider which allows us to store files to share in
182           '.../caches/share_plus' and grant the receiving action access
183        -->
184        <provider
184-->[:share_plus] AndroidManifest.xml:15:9-23:20
185            android:name="dev.fluttercommunity.plus.share.ShareFileProvider"
185-->[:share_plus] AndroidManifest.xml:16:13-77
186            android:authorities="com.vitseydriver.mpdriver.flutter.share_provider"
186-->[:share_plus] AndroidManifest.xml:17:13-74
187            android:exported="false"
187-->[:share_plus] AndroidManifest.xml:18:13-37
188            android:grantUriPermissions="true" >
188-->[:share_plus] AndroidManifest.xml:19:13-47
189            <meta-data
189-->[:share_plus] AndroidManifest.xml:20:13-22:68
190                android:name="android.support.FILE_PROVIDER_PATHS"
190-->[:share_plus] AndroidManifest.xml:21:17-67
191                android:resource="@xml/flutter_share_file_paths" />
191-->[:share_plus] AndroidManifest.xml:22:17-65
192        </provider>
193        <!--
194           This manifest declared broadcast receiver allows us to use an explicit
195           Intent when creating a PendingItent to be informed of the user's choice
196        -->
197        <receiver
197-->[:share_plus] AndroidManifest.xml:28:9-34:20
198            android:name="dev.fluttercommunity.plus.share.SharePlusPendingIntent"
198-->[:share_plus] AndroidManifest.xml:29:13-82
199            android:exported="true" >
199-->[:share_plus] AndroidManifest.xml:30:13-36
200            <intent-filter>
200-->[:share_plus] AndroidManifest.xml:31:13-33:29
201                <action android:name="EXTRA_CHOSEN_COMPONENT" />
201-->[:share_plus] AndroidManifest.xml:32:17-65
201-->[:share_plus] AndroidManifest.xml:32:25-62
202            </intent-filter>
203        </receiver>
204
205        <provider
205-->[:image_picker_android] AndroidManifest.xml:10:9-18:20
206            android:name="io.flutter.plugins.imagepicker.ImagePickerFileProvider"
206-->[:image_picker_android] AndroidManifest.xml:11:13-82
207            android:authorities="com.vitseydriver.mpdriver.flutter.image_provider"
207-->[:image_picker_android] AndroidManifest.xml:12:13-74
208            android:exported="false"
208-->[:image_picker_android] AndroidManifest.xml:13:13-37
209            android:grantUriPermissions="true" >
209-->[:image_picker_android] AndroidManifest.xml:14:13-47
210            <meta-data
210-->[:share_plus] AndroidManifest.xml:20:13-22:68
211                android:name="android.support.FILE_PROVIDER_PATHS"
211-->[:share_plus] AndroidManifest.xml:21:17-67
212                android:resource="@xml/flutter_image_picker_file_paths" />
212-->[:share_plus] AndroidManifest.xml:22:17-65
213        </provider>
214
215        <activity
215-->[:url_launcher_android] AndroidManifest.xml:10:9-13:74
216            android:name="io.flutter.plugins.urllauncher.WebViewActivity"
216-->[:url_launcher_android] AndroidManifest.xml:11:13-74
217            android:exported="false"
217-->[:url_launcher_android] AndroidManifest.xml:12:13-37
218            android:theme="@android:style/Theme.NoTitleBar.Fullscreen" />
218-->[:url_launcher_android] AndroidManifest.xml:13:13-71
219
220        <service
220-->[:location] AndroidManifest.xml:13:9-17:56
221            android:name="com.lyokone.location.FlutterLocationService"
221-->[:location] AndroidManifest.xml:14:13-71
222            android:enabled="true"
222-->[:location] AndroidManifest.xml:15:13-35
223            android:exported="false"
223-->[:location] AndroidManifest.xml:16:13-37
224            android:foregroundServiceType="location" />
224-->[:location] AndroidManifest.xml:17:13-53
225
226        <receiver
226-->[com.onesignal:OneSignal:4.8.2] AndroidManifest.xml:50:9-61:20
227            android:name="com.onesignal.FCMBroadcastReceiver"
227-->[com.onesignal:OneSignal:4.8.2] AndroidManifest.xml:51:13-62
228            android:exported="true"
228-->[com.onesignal:OneSignal:4.8.2] AndroidManifest.xml:52:13-36
229            android:permission="com.google.android.c2dm.permission.SEND" >
229-->[com.onesignal:OneSignal:4.8.2] AndroidManifest.xml:53:13-73
230
231            <!-- High priority so OneSignal payloads can be filtered from other FCM receivers -->
232            <intent-filter android:priority="999" >
232-->[com.onesignal:OneSignal:4.8.2] AndroidManifest.xml:56:13-60:29
232-->[com.onesignal:OneSignal:4.8.2] AndroidManifest.xml:56:28-50
233                <action android:name="com.google.android.c2dm.intent.RECEIVE" />
233-->[com.onesignal:OneSignal:4.8.2] AndroidManifest.xml:57:17-81
233-->[com.onesignal:OneSignal:4.8.2] AndroidManifest.xml:57:25-78
234
235                <category android:name="com.vitseydriver.mpdriver" />
235-->[com.onesignal:OneSignal:4.8.2] AndroidManifest.xml:59:17-61
235-->[com.onesignal:OneSignal:4.8.2] AndroidManifest.xml:59:27-58
236            </intent-filter>
237        </receiver>
238
239        <service
239-->[com.onesignal:OneSignal:4.8.2] AndroidManifest.xml:63:9-69:19
240            android:name="com.onesignal.HmsMessageServiceOneSignal"
240-->[com.onesignal:OneSignal:4.8.2] AndroidManifest.xml:64:13-68
241            android:exported="false" >
241-->[com.onesignal:OneSignal:4.8.2] AndroidManifest.xml:65:13-37
242            <intent-filter>
242-->[com.onesignal:OneSignal:4.8.2] AndroidManifest.xml:66:13-68:29
243                <action android:name="com.huawei.push.action.MESSAGING_EVENT" />
243-->[com.onesignal:OneSignal:4.8.2] AndroidManifest.xml:67:17-81
243-->[com.onesignal:OneSignal:4.8.2] AndroidManifest.xml:67:25-78
244            </intent-filter>
245        </service>
246
247        <activity
247-->[com.onesignal:OneSignal:4.8.2] AndroidManifest.xml:71:9-79:20
248            android:name="com.onesignal.NotificationOpenedActivityHMS"
248-->[com.onesignal:OneSignal:4.8.2] AndroidManifest.xml:72:13-71
249            android:exported="true"
249-->[com.onesignal:OneSignal:4.8.2] AndroidManifest.xml:73:13-36
250            android:noHistory="true"
250-->[com.onesignal:OneSignal:4.8.2] AndroidManifest.xml:74:13-37
251            android:theme="@android:style/Theme.Translucent.NoTitleBar" >
251-->[com.onesignal:OneSignal:4.8.2] AndroidManifest.xml:75:13-72
252            <intent-filter>
252-->[com.onesignal:OneSignal:4.8.2] AndroidManifest.xml:76:13-78:29
253                <action android:name="android.intent.action.VIEW" />
253-->[com.onesignal:OneSignal:4.8.2] AndroidManifest.xml:77:17-69
253-->[com.onesignal:OneSignal:4.8.2] AndroidManifest.xml:77:25-66
254            </intent-filter>
255        </activity>
256
257        <service
257-->[com.onesignal:OneSignal:4.8.2] AndroidManifest.xml:81:9-83:40
258            android:name="com.onesignal.FCMIntentService"
258-->[com.onesignal:OneSignal:4.8.2] AndroidManifest.xml:82:13-58
259            android:exported="false" />
259-->[com.onesignal:OneSignal:4.8.2] AndroidManifest.xml:83:13-37
260        <service
260-->[com.onesignal:OneSignal:4.8.2] AndroidManifest.xml:84:9-87:72
261            android:name="com.onesignal.FCMIntentJobService"
261-->[com.onesignal:OneSignal:4.8.2] AndroidManifest.xml:85:13-61
262            android:exported="false"
262-->[com.onesignal:OneSignal:4.8.2] AndroidManifest.xml:86:13-37
263            android:permission="android.permission.BIND_JOB_SERVICE" />
263-->[com.onesignal:OneSignal:4.8.2] AndroidManifest.xml:87:13-69
264        <service
264-->[com.onesignal:OneSignal:4.8.2] AndroidManifest.xml:88:9-91:43
265            android:name="com.onesignal.SyncService"
265-->[com.onesignal:OneSignal:4.8.2] AndroidManifest.xml:89:13-53
266            android:exported="false"
266-->[com.onesignal:OneSignal:4.8.2] AndroidManifest.xml:90:13-37
267            android:stopWithTask="true" />
267-->[com.onesignal:OneSignal:4.8.2] AndroidManifest.xml:91:13-40
268        <service
268-->[com.onesignal:OneSignal:4.8.2] AndroidManifest.xml:92:9-95:72
269            android:name="com.onesignal.SyncJobService"
269-->[com.onesignal:OneSignal:4.8.2] AndroidManifest.xml:93:13-56
270            android:exported="false"
270-->[com.onesignal:OneSignal:4.8.2] AndroidManifest.xml:94:13-37
271            android:permission="android.permission.BIND_JOB_SERVICE" />
271-->[com.onesignal:OneSignal:4.8.2] AndroidManifest.xml:95:13-69
272
273        <activity
273-->[com.onesignal:OneSignal:4.8.2] AndroidManifest.xml:97:9-100:75
274            android:name="com.onesignal.PermissionsActivity"